  [1m[36m (46.0ms)[0m  [1mCREATE TABLE "schema_migrations" ("version" character varying(255) NOT NULL) [0m
  [1m[35m (6.7ms)[0m  CREATE UNIQUE INDEX  "unique_schema_migrations" ON "schema_migrations"  ("version")
  [1m[36mActiveRecord::SchemaMigration Load (0.7ms)[0m  [1mSELECT "schema_migrations".* FROM "schema_migrations"[0m
Migrating to CreateRecipes (20141105003927)
  [1m[35m (6.3ms)[0m  BEGIN
  [1m[36m (101.0ms)[0m  [1mCREATE TABLE "recipes" ("id" serial primary key, "name" character varying(255), "directions" text, "created_at" timestamp, "updated_at" timestamp) [0m
  [1m[35mSQL (6.8ms)[0m  INSERT INTO "schema_migrations" ("version") VALUES ($1)  [["version", "20141105003927"]]
  [1m[36m (6.1ms)[0m  [1mCOMMIT[0m
  [1m[35mActiveRecord::SchemaMigration Load (0.3ms)[0m  SELECT "schema_migrations".* FROM "schema_migrations"


Started GET "/" for 127.0.0.1 at 2014-11-04 16:46:30 -0800
  [1m[36mActiveRecord::SchemaMigration Load (0.5ms)[0m  [1mSELECT "schema_migrations".* FROM "schema_migrations"[0m
Processing by Rails::WelcomeController#index as HTML
  Rendered /Users/Allie/.rvm/gems/ruby-2.1.2/gems/railties-4.1.5/lib/rails/templates/rails/welcome/index.html.erb (3.8ms)
Completed 200 OK in 20ms (Views: 19.5ms | ActiveRecord: 0.0ms)


Started GET "/" for 127.0.0.1 at 2014-11-04 16:46:31 -0800
Processing by Rails::WelcomeController#index as HTML
  Rendered /Users/Allie/.rvm/gems/ruby-2.1.2/gems/railties-4.1.5/lib/rails/templates/rails/welcome/index.html.erb (0.1ms)
Completed 200 OK in 3ms (Views: 2.4ms | ActiveRecord: 0.0ms)


Started GET "/" for 127.0.0.1 at 2014-11-04 16:47:36 -0800
  [1m[36mActiveRecord::SchemaMigration Load (0.5ms)[0m  [1mSELECT "schema_migrations".* FROM "schema_migrations"[0m
Processing by Rails::WelcomeController#index as HTML
  Rendered /Users/Allie/.rvm/gems/ruby-2.1.2/gems/railties-4.1.5/lib/rails/templates/rails/welcome/index.html.erb (2.0ms)
Completed 200 OK in 10ms (Views: 9.4ms | ActiveRecord: 0.0ms)


Started GET "/" for 127.0.0.1 at 2014-11-04 16:47:58 -0800

ArgumentError - controller name should not start with a slash:
  actionpack (4.1.5) lib/action_dispatch/routing/mapper.rb:230:in `default_controller_and_action'
  actionpack (4.1.5) lib/action_dispatch/routing/mapper.rb:117:in `normalize_options!'
  actionpack (4.1.5) lib/action_dispatch/routing/mapper.rb:65:in `initialize'
  actionpack (4.1.5) lib/action_dispatch/routing/mapper.rb:1487:in `add_route'
  actionpack (4.1.5) lib/action_dispatch/routing/mapper.rb:1466:in `decomposed_match'
  actionpack (4.1.5) lib/action_dispatch/routing/mapper.rb:1447:in `block in match'
  actionpack (4.1.5) lib/action_dispatch/routing/mapper.rb:1437:in `match'
  actionpack (4.1.5) lib/action_dispatch/routing/mapper.rb:340:in `root'
  actionpack (4.1.5) lib/action_dispatch/routing/mapper.rb:1508:in `root'
  config/routes.rb:3:in `block in <top (required)>'
  actionpack (4.1.5) lib/action_dispatch/routing/route_set.rb:337:in `eval_block'
  actionpack (4.1.5) lib/action_dispatch/routing/route_set.rb:315:in `draw'
  config/routes.rb:1:in `<top (required)>'
  activesupport (4.1.5) lib/active_support/dependencies.rb:241:in `block in load'
  activesupport (4.1.5) lib/active_support/dependencies.rb:232:in `load_dependency'
  activesupport (4.1.5) lib/active_support/dependencies.rb:241:in `load'
  railties (4.1.5) lib/rails/application/routes_reloader.rb:40:in `block in load_paths'
  railties (4.1.5) lib/rails/application/routes_reloader.rb:40:in `load_paths'
  railties (4.1.5) lib/rails/application/routes_reloader.rb:16:in `reload!'
  railties (4.1.5) lib/rails/application/routes_reloader.rb:26:in `block in updater'
  activesupport (4.1.5) lib/active_support/file_update_checker.rb:75:in `execute'
  railties (4.1.5) lib/rails/application/routes_reloader.rb:7:in `execute'
  railties (4.1.5) lib/rails/application/finisher.rb:83:in `block (2 levels) in <module:Finisher>'
  activesupport (4.1.5) lib/active_support/callbacks.rb:438:in `block in make_lambda'
  activesupport (4.1.5) lib/active_support/callbacks.rb:184:in `block in simple'
  activesupport (4.1.5) lib/active_support/callbacks.rb:185:in `block in simple'
  activesupport (4.1.5) lib/active_support/callbacks.rb:185:in `block in simple'
  activesupport (4.1.5) lib/active_support/callbacks.rb:86:in `run_callbacks'
  actionpack (4.1.5) lib/action_dispatch/middleware/reloader.rb:83:in `prepare!'
  actionpack (4.1.5) lib/action_dispatch/middleware/reloader.rb:71:in `call'
  actionpack (4.1.5) lib/action_dispatch/middleware/remote_ip.rb:76:in `call'
  better_errors (2.0.0) lib/better_errors/middleware.rb:84:in `protected_app_call'
  better_errors (2.0.0) lib/better_errors/middleware.rb:79:in `better_errors_call'
  better_errors (2.0.0) lib/better_errors/middleware.rb:57:in `call'
  actionpack (4.1.5) lib/action_dispatch/middleware/debug_exceptions.rb:17:in `call'
  actionpack (4.1.5) lib/action_dispatch/middleware/show_exceptions.rb:30:in `call'
  railties (4.1.5) lib/rails/rack/logger.rb:38:in `call_app'
  railties (4.1.5) lib/rails/rack/logger.rb:20:in `block in call'
  activesupport (4.1.5) lib/active_support/tagged_logging.rb:68:in `block in tagged'
  activesupport (4.1.5) lib/active_support/tagged_logging.rb:26:in `tagged'
  activesupport (4.1.5) lib/active_support/tagged_logging.rb:68:in `tagged'
  railties (4.1.5) lib/rails/rack/logger.rb:20:in `call'
  actionpack (4.1.5) lib/action_dispatch/middleware/request_id.rb:21:in `call'
  rack (1.5.2) lib/rack/methodoverride.rb:21:in `call'
  rack (1.5.2) lib/rack/runtime.rb:17:in `call'
  activesupport (4.1.5) lib/active_support/cache/strategy/local_cache_middleware.rb:26:in `call'
  rack (1.5.2) lib/rack/lock.rb:17:in `call'
  actionpack (4.1.5) lib/action_dispatch/middleware/static.rb:64:in `call'
  rack (1.5.2) lib/rack/sendfile.rb:112:in `call'
  railties (4.1.5) lib/rails/engine.rb:514:in `call'
  railties (4.1.5) lib/rails/application.rb:144:in `call'
  rack (1.5.2) lib/rack/lock.rb:17:in `call'
  rack (1.5.2) lib/rack/content_length.rb:14:in `call'
  rack (1.5.2) lib/rack/handler/webrick.rb:60:in `service'
  /Users/Allie/.rvm/rubies/ruby-2.1.2/lib/ruby/2.1.0/webrick/httpserver.rb:138:in `service'
  /Users/Allie/.rvm/rubies/ruby-2.1.2/lib/ruby/2.1.0/webrick/httpserver.rb:94:in `run'
  /Users/Allie/.rvm/rubies/ruby-2.1.2/lib/ruby/2.1.0/webrick/server.rb:295:in `block in start_thread'



Started POST "/__better_errors/f78d96059f466752/variables" for 127.0.0.1 at 2014-11-04 16:47:58 -0800


Started GET "/" for 127.0.0.1 at 2014-11-04 16:48:28 -0800

ActionController::RoutingError - uninitialized constant RecipesController:
  actionpack (4.1.5) lib/action_dispatch/routing/route_set.rb:71:in `rescue in controller'
  actionpack (4.1.5) lib/action_dispatch/routing/route_set.rb:66:in `controller'
  actionpack (4.1.5) lib/action_dispatch/routing/route_set.rb:46:in `call'
  actionpack (4.1.5) lib/action_dispatch/journey/router.rb:71:in `block in call'
  actionpack (4.1.5) lib/action_dispatch/journey/router.rb:59:in `call'
  actionpack (4.1.5) lib/action_dispatch/routing/route_set.rb:678:in `call'
  rack (1.5.2) lib/rack/etag.rb:23:in `call'
  rack (1.5.2) lib/rack/conditionalget.rb:25:in `call'
  rack (1.5.2) lib/rack/head.rb:11:in `call'
  actionpack (4.1.5) lib/action_dispatch/middleware/params_parser.rb:27:in `call'
  actionpack (4.1.5) lib/action_dispatch/middleware/flash.rb:254:in `call'
  rack (1.5.2) lib/rack/session/abstract/id.rb:225:in `context'
  rack (1.5.2) lib/rack/session/abstract/id.rb:220:in `call'
  actionpack (4.1.5) lib/action_dispatch/middleware/cookies.rb:560:in `call'
  activerecord (4.1.5) lib/active_record/query_cache.rb:36:in `call'
  activerecord (4.1.5) lib/active_record/connection_adapters/abstract/connection_pool.rb:621:in `call'
  activerecord (4.1.5) lib/active_record/migration.rb:380:in `call'
  actionpack (4.1.5) lib/action_dispatch/middleware/callbacks.rb:29:in `block in call'
  activesupport (4.1.5) lib/active_support/callbacks.rb:82:in `run_callbacks'
  actionpack (4.1.5) lib/action_dispatch/middleware/callbacks.rb:27:in `call'
  actionpack (4.1.5) lib/action_dispatch/middleware/reloader.rb:73:in `call'
  actionpack (4.1.5) lib/action_dispatch/middleware/remote_ip.rb:76:in `call'
  better_errors (2.0.0) lib/better_errors/middleware.rb:84:in `protected_app_call'
  better_errors (2.0.0) lib/better_errors/middleware.rb:79:in `better_errors_call'
  better_errors (2.0.0) lib/better_errors/middleware.rb:57:in `call'
  actionpack (4.1.5) lib/action_dispatch/middleware/debug_exceptions.rb:17:in `call'
  actionpack (4.1.5) lib/action_dispatch/middleware/show_exceptions.rb:30:in `call'
  railties (4.1.5) lib/rails/rack/logger.rb:38:in `call_app'
  railties (4.1.5) lib/rails/rack/logger.rb:20:in `block in call'
  activesupport (4.1.5) lib/active_support/tagged_logging.rb:68:in `block in tagged'
  activesupport (4.1.5) lib/active_support/tagged_logging.rb:26:in `tagged'
  activesupport (4.1.5) lib/active_support/tagged_logging.rb:68:in `tagged'
  railties (4.1.5) lib/rails/rack/logger.rb:20:in `call'
  actionpack (4.1.5) lib/action_dispatch/middleware/request_id.rb:21:in `call'
  rack (1.5.2) lib/rack/methodoverride.rb:21:in `call'
  rack (1.5.2) lib/rack/runtime.rb:17:in `call'
  activesupport (4.1.5) lib/active_support/cache/strategy/local_cache_middleware.rb:26:in `call'
  rack (1.5.2) lib/rack/lock.rb:17:in `call'
  actionpack (4.1.5) lib/action_dispatch/middleware/static.rb:64:in `call'
  rack (1.5.2) lib/rack/sendfile.rb:112:in `call'
  railties (4.1.5) lib/rails/engine.rb:514:in `call'
  railties (4.1.5) lib/rails/application.rb:144:in `call'
  rack (1.5.2) lib/rack/lock.rb:17:in `call'
  rack (1.5.2) lib/rack/content_length.rb:14:in `call'
  rack (1.5.2) lib/rack/handler/webrick.rb:60:in `service'
  /Users/Allie/.rvm/rubies/ruby-2.1.2/lib/ruby/2.1.0/webrick/httpserver.rb:138:in `service'
  /Users/Allie/.rvm/rubies/ruby-2.1.2/lib/ruby/2.1.0/webrick/httpserver.rb:94:in `run'
  /Users/Allie/.rvm/rubies/ruby-2.1.2/lib/ruby/2.1.0/webrick/server.rb:295:in `block in start_thread'



Started POST "/__better_errors/2cb19e98024bcb1e/variables" for 127.0.0.1 at 2014-11-04 16:48:28 -0800


Started GET "/" for 127.0.0.1 at 2014-11-04 16:49:01 -0800
Processing by RecipesController#index as HTML
  Rendered recipes/index.html.erb within layouts/application (0.4ms)
Completed 200 OK in 417ms (Views: 417.2ms | ActiveRecord: 0.0ms)


Started GET "/assets/recipes.css?body=1" for 127.0.0.1 at 2014-11-04 16:49:01 -0800


Started GET "/assets/recipes.js?body=1" for 127.0.0.1 at 2014-11-04 16:49:01 -0800


Started GET "/css/bootstrap.min.css" for 127.0.0.1 at 2014-11-04 16:49:01 -0800

ActionController::RoutingError (No route matches [GET] "/css/bootstrap.min.css"):
  actionpack (4.1.5) lib/action_dispatch/middleware/debug_exceptions.rb:21:in `call'
  actionpack (4.1.5) lib/action_dispatch/middleware/show_exceptions.rb:30:in `call'
  railties (4.1.5) lib/rails/rack/logger.rb:38:in `call_app'
  railties (4.1.5) lib/rails/rack/logger.rb:20:in `block in call'
  activesupport (4.1.5) lib/active_support/tagged_logging.rb:68:in `block in tagged'
  activesupport (4.1.5) lib/active_support/tagged_logging.rb:26:in `tagged'
  activesupport (4.1.5) lib/active_support/tagged_logging.rb:68:in `tagged'
  railties (4.1.5) lib/rails/rack/logger.rb:20:in `call'
  actionpack (4.1.5) lib/action_dispatch/middleware/request_id.rb:21:in `call'
  rack (1.5.2) lib/rack/methodoverride.rb:21:in `call'
  rack (1.5.2) lib/rack/runtime.rb:17:in `call'
  activesupport (4.1.5) lib/active_support/cache/strategy/local_cache_middleware.rb:26:in `call'
  rack (1.5.2) lib/rack/lock.rb:17:in `call'
  actionpack (4.1.5) lib/action_dispatch/middleware/static.rb:64:in `call'
  rack (1.5.2) lib/rack/sendfile.rb:112:in `call'
  railties (4.1.5) lib/rails/engine.rb:514:in `call'
  railties (4.1.5) lib/rails/application.rb:144:in `call'
  rack (1.5.2) lib/rack/lock.rb:17:in `call'
  rack (1.5.2) lib/rack/content_length.rb:14:in `call'
  rack (1.5.2) lib/rack/handler/webrick.rb:60:in `service'
  /Users/Allie/.rvm/rubies/ruby-2.1.2/lib/ruby/2.1.0/webrick/httpserver.rb:138:in `service'
  /Users/Allie/.rvm/rubies/ruby-2.1.2/lib/ruby/2.1.0/webrick/httpserver.rb:94:in `run'
  /Users/Allie/.rvm/rubies/ruby-2.1.2/lib/ruby/2.1.0/webrick/server.rb:295:in `block in start_thread'


  Rendered /Users/Allie/.rvm/gems/ruby-2.1.2/gems/actionpack-4.1.5/lib/action_dispatch/middleware/templates/rescues/_trace.html.erb (1.6ms)
  Rendered /Users/Allie/.rvm/gems/ruby-2.1.2/gems/actionpack-4.1.5/lib/action_dispatch/middleware/templates/routes/_route.html.erb (1.8ms)
  Rendered /Users/Allie/.rvm/gems/ruby-2.1.2/gems/actionpack-4.1.5/lib/action_dispatch/middleware/templates/routes/_table.html.erb (9.9ms)
  Rendered /Users/Allie/.rvm/gems/ruby-2.1.2/gems/actionpack-4.1.5/lib/action_dispatch/middleware/templates/rescues/routing_error.html.erb within rescues/layout (40.7ms)


Started GET "/assets/bootstrap.min.css?body=1" for 127.0.0.1 at 2014-11-04 16:49:01 -0800


Started GET "/assets/application.css?body=1" for 127.0.0.1 at 2014-11-04 16:49:01 -0800


Started GET "/assets/jquery.js?body=1" for 127.0.0.1 at 2014-11-04 16:49:01 -0800


Started GET "/assets/rails_bootstrap_forms.css?body=1" for 127.0.0.1 at 2014-11-04 16:49:01 -0800


Started GET "/assets/jquery_ujs.js?body=1" for 127.0.0.1 at 2014-11-04 16:49:01 -0800


Started GET "/assets/bootstrap.min.js?body=1" for 127.0.0.1 at 2014-11-04 16:49:01 -0800


Started GET "/assets/application.js?body=1" for 127.0.0.1 at 2014-11-04 16:49:01 -0800


Started GET "/" for 127.0.0.1 at 2014-11-04 16:49:48 -0800
Processing by RecipesController#index as HTML
  Rendered recipes/index.html.erb within layouts/application (0.1ms)
Completed 200 OK in 78ms (Views: 77.3ms | ActiveRecord: 0.0ms)


Started GET "/css/bootstrap.min.css" for 127.0.0.1 at 2014-11-04 16:49:48 -0800

ActionController::RoutingError (No route matches [GET] "/css/bootstrap.min.css"):
  actionpack (4.1.5) lib/action_dispatch/middleware/debug_exceptions.rb:21:in `call'
  actionpack (4.1.5) lib/action_dispatch/middleware/show_exceptions.rb:30:in `call'
  railties (4.1.5) lib/rails/rack/logger.rb:38:in `call_app'
  railties (4.1.5) lib/rails/rack/logger.rb:20:in `block in call'
  activesupport (4.1.5) lib/active_support/tagged_logging.rb:68:in `block in tagged'
  activesupport (4.1.5) lib/active_support/tagged_logging.rb:26:in `tagged'
  activesupport (4.1.5) lib/active_support/tagged_logging.rb:68:in `tagged'
  railties (4.1.5) lib/rails/rack/logger.rb:20:in `call'
  actionpack (4.1.5) lib/action_dispatch/middleware/request_id.rb:21:in `call'
  rack (1.5.2) lib/rack/methodoverride.rb:21:in `call'
  rack (1.5.2) lib/rack/runtime.rb:17:in `call'
  activesupport (4.1.5) lib/active_support/cache/strategy/local_cache_middleware.rb:26:in `call'
  rack (1.5.2) lib/rack/lock.rb:17:in `call'
  actionpack (4.1.5) lib/action_dispatch/middleware/static.rb:64:in `call'
  rack (1.5.2) lib/rack/sendfile.rb:112:in `call'
  railties (4.1.5) lib/rails/engine.rb:514:in `call'
  railties (4.1.5) lib/rails/application.rb:144:in `call'
  rack (1.5.2) lib/rack/lock.rb:17:in `call'
  rack (1.5.2) lib/rack/content_length.rb:14:in `call'
  rack (1.5.2) lib/rack/handler/webrick.rb:60:in `service'
  /Users/Allie/.rvm/rubies/ruby-2.1.2/lib/ruby/2.1.0/webrick/httpserver.rb:138:in `service'
  /Users/Allie/.rvm/rubies/ruby-2.1.2/lib/ruby/2.1.0/webrick/httpserver.rb:94:in `run'
  /Users/Allie/.rvm/rubies/ruby-2.1.2/lib/ruby/2.1.0/webrick/server.rb:295:in `block in start_thread'


  Rendered /Users/Allie/.rvm/gems/ruby-2.1.2/gems/actionpack-4.1.5/lib/action_dispatch/middleware/templates/rescues/_trace.html.erb (1.6ms)
  Rendered /Users/Allie/.rvm/gems/ruby-2.1.2/gems/actionpack-4.1.5/lib/action_dispatch/middleware/templates/routes/_route.html.erb (3.3ms)
  Rendered /Users/Allie/.rvm/gems/ruby-2.1.2/gems/actionpack-4.1.5/lib/action_dispatch/middleware/templates/routes/_table.html.erb (1.5ms)
  Rendered /Users/Allie/.rvm/gems/ruby-2.1.2/gems/actionpack-4.1.5/lib/action_dispatch/middleware/templates/rescues/routing_error.html.erb within rescues/layout (23.7ms)


Started GET "/assets/application.css?body=1" for 127.0.0.1 at 2014-11-04 16:49:48 -0800


Started GET "/assets/bootstrap.min.css?body=1" for 127.0.0.1 at 2014-11-04 16:49:48 -0800


Started GET "/assets/rails_bootstrap_forms.css?body=1" for 127.0.0.1 at 2014-11-04 16:49:48 -0800


Started GET "/assets/recipes.css?body=1" for 127.0.0.1 at 2014-11-04 16:49:48 -0800


Started GET "/assets/jquery.js?body=1" for 127.0.0.1 at 2014-11-04 16:49:48 -0800


Started GET "/assets/jquery_ujs.js?body=1" for 127.0.0.1 at 2014-11-04 16:49:48 -0800


Started GET "/assets/bootstrap.min.js?body=1" for 127.0.0.1 at 2014-11-04 16:49:48 -0800


Started GET "/assets/recipes.js?body=1" for 127.0.0.1 at 2014-11-04 16:49:48 -0800


Started GET "/assets/application.js?body=1" for 127.0.0.1 at 2014-11-04 16:49:48 -0800


Started GET "/" for 127.0.0.1 at 2014-11-04 16:50:15 -0800
Processing by RecipesController#index as HTML
  Rendered recipes/index.html.erb within layouts/application (0.7ms)
Completed 200 OK in 77ms (Views: 76.5ms | ActiveRecord: 0.0ms)


Started GET "/css/bootstrap.min.css" for 127.0.0.1 at 2014-11-04 16:50:16 -0800

ActionController::RoutingError (No route matches [GET] "/css/bootstrap.min.css"):
  actionpack (4.1.5) lib/action_dispatch/middleware/debug_exceptions.rb:21:in `call'
  actionpack (4.1.5) lib/action_dispatch/middleware/show_exceptions.rb:30:in `call'
  railties (4.1.5) lib/rails/rack/logger.rb:38:in `call_app'
  railties (4.1.5) lib/rails/rack/logger.rb:20:in `block in call'
  activesupport (4.1.5) lib/active_support/tagged_logging.rb:68:in `block in tagged'
  activesupport (4.1.5) lib/active_support/tagged_logging.rb:26:in `tagged'
  activesupport (4.1.5) lib/active_support/tagged_logging.rb:68:in `tagged'
  railties (4.1.5) lib/rails/rack/logger.rb:20:in `call'
  actionpack (4.1.5) lib/action_dispatch/middleware/request_id.rb:21:in `call'
  rack (1.5.2) lib/rack/methodoverride.rb:21:in `call'
  rack (1.5.2) lib/rack/runtime.rb:17:in `call'
  activesupport (4.1.5) lib/active_support/cache/strategy/local_cache_middleware.rb:26:in `call'
  rack (1.5.2) lib/rack/lock.rb:17:in `call'
  actionpack (4.1.5) lib/action_dispatch/middleware/static.rb:64:in `call'
  rack (1.5.2) lib/rack/sendfile.rb:112:in `call'
  railties (4.1.5) lib/rails/engine.rb:514:in `call'
  railties (4.1.5) lib/rails/application.rb:144:in `call'
  rack (1.5.2) lib/rack/lock.rb:17:in `call'
  rack (1.5.2) lib/rack/content_length.rb:14:in `call'
  rack (1.5.2) lib/rack/handler/webrick.rb:60:in `service'
  /Users/Allie/.rvm/rubies/ruby-2.1.2/lib/ruby/2.1.0/webrick/httpserver.rb:138:in `service'
  /Users/Allie/.rvm/rubies/ruby-2.1.2/lib/ruby/2.1.0/webrick/httpserver.rb:94:in `run'
  /Users/Allie/.rvm/rubies/ruby-2.1.2/lib/ruby/2.1.0/webrick/server.rb:295:in `block in start_thread'


  Rendered /Users/Allie/.rvm/gems/ruby-2.1.2/gems/actionpack-4.1.5/lib/action_dispatch/middleware/templates/rescues/_trace.html.erb (1.2ms)
  Rendered /Users/Allie/.rvm/gems/ruby-2.1.2/gems/actionpack-4.1.5/lib/action_dispatch/middleware/templates/routes/_route.html.erb (2.0ms)
  Rendered /Users/Allie/.rvm/gems/ruby-2.1.2/gems/actionpack-4.1.5/lib/action_dispatch/middleware/templates/routes/_table.html.erb (1.3ms)
  Rendered /Users/Allie/.rvm/gems/ruby-2.1.2/gems/actionpack-4.1.5/lib/action_dispatch/middleware/templates/rescues/routing_error.html.erb within rescues/layout (21.1ms)


Started GET "/assets/application.css?body=1" for 127.0.0.1 at 2014-11-04 16:50:16 -0800


Started GET "/assets/bootstrap.min.css?body=1" for 127.0.0.1 at 2014-11-04 16:50:16 -0800


Started GET "/assets/jquery_ujs.js?body=1" for 127.0.0.1 at 2014-11-04 16:50:16 -0800


Started GET "/assets/jquery.js?body=1" for 127.0.0.1 at 2014-11-04 16:50:16 -0800


Started GET "/assets/bootstrap.min.js?body=1" for 127.0.0.1 at 2014-11-04 16:50:16 -0800


Started GET "/assets/recipes.css?body=1" for 127.0.0.1 at 2014-11-04 16:50:16 -0800


Started GET "/assets/rails_bootstrap_forms.css?body=1" for 127.0.0.1 at 2014-11-04 16:50:16 -0800


Started GET "/assets/application.js?body=1" for 127.0.0.1 at 2014-11-04 16:50:16 -0800


Started GET "/assets/recipes.js?body=1" for 127.0.0.1 at 2014-11-04 16:50:16 -0800


Started GET "/" for 127.0.0.1 at 2014-11-04 16:52:27 -0800
Processing by RecipesController#index as HTML
  Rendered recipes/index.html.erb within layouts/application (0.4ms)
Completed 200 OK in 69ms (Views: 68.7ms | ActiveRecord: 0.0ms)


Started GET "/css/bootstrap.min.css" for 127.0.0.1 at 2014-11-04 16:52:27 -0800

ActionController::RoutingError (No route matches [GET] "/css/bootstrap.min.css"):
  actionpack (4.1.5) lib/action_dispatch/middleware/debug_exceptions.rb:21:in `call'
  actionpack (4.1.5) lib/action_dispatch/middleware/show_exceptions.rb:30:in `call'
  railties (4.1.5) lib/rails/rack/logger.rb:38:in `call_app'
  railties (4.1.5) lib/rails/rack/logger.rb:20:in `block in call'
  activesupport (4.1.5) lib/active_support/tagged_logging.rb:68:in `block in tagged'
  activesupport (4.1.5) lib/active_support/tagged_logging.rb:26:in `tagged'
  activesupport (4.1.5) lib/active_support/tagged_logging.rb:68:in `tagged'
  railties (4.1.5) lib/rails/rack/logger.rb:20:in `call'
  actionpack (4.1.5) lib/action_dispatch/middleware/request_id.rb:21:in `call'
  rack (1.5.2) lib/rack/methodoverride.rb:21:in `call'
  rack (1.5.2) lib/rack/runtime.rb:17:in `call'
  activesupport (4.1.5) lib/active_support/cache/strategy/local_cache_middleware.rb:26:in `call'
  rack (1.5.2) lib/rack/lock.rb:17:in `call'
  actionpack (4.1.5) lib/action_dispatch/middleware/static.rb:64:in `call'
  rack (1.5.2) lib/rack/sendfile.rb:112:in `call'
  railties (4.1.5) lib/rails/engine.rb:514:in `call'
  railties (4.1.5) lib/rails/application.rb:144:in `call'
  rack (1.5.2) lib/rack/lock.rb:17:in `call'
  rack (1.5.2) lib/rack/content_length.rb:14:in `call'
  rack (1.5.2) lib/rack/handler/webrick.rb:60:in `service'
  /Users/Allie/.rvm/rubies/ruby-2.1.2/lib/ruby/2.1.0/webrick/httpserver.rb:138:in `service'
  /Users/Allie/.rvm/rubies/ruby-2.1.2/lib/ruby/2.1.0/webrick/httpserver.rb:94:in `run'
  /Users/Allie/.rvm/rubies/ruby-2.1.2/lib/ruby/2.1.0/webrick/server.rb:295:in `block in start_thread'


  Rendered /Users/Allie/.rvm/gems/ruby-2.1.2/gems/actionpack-4.1.5/lib/action_dispatch/middleware/templates/rescues/_trace.html.erb (1.8ms)
  Rendered /Users/Allie/.rvm/gems/ruby-2.1.2/gems/actionpack-4.1.5/lib/action_dispatch/middleware/templates/routes/_route.html.erb (1.6ms)
  Rendered /Users/Allie/.rvm/gems/ruby-2.1.2/gems/actionpack-4.1.5/lib/action_dispatch/middleware/templates/routes/_table.html.erb (1.3ms)
  Rendered /Users/Allie/.rvm/gems/ruby-2.1.2/gems/actionpack-4.1.5/lib/action_dispatch/middleware/templates/rescues/routing_error.html.erb within rescues/layout (25.1ms)


Started GET "/assets/jquery.js?body=1" for 127.0.0.1 at 2014-11-04 16:52:27 -0800


Started GET "/assets/rails_bootstrap_forms.css?body=1" for 127.0.0.1 at 2014-11-04 16:52:27 -0800


Started GET "/assets/recipes.css?body=1" for 127.0.0.1 at 2014-11-04 16:52:27 -0800


Started GET "/assets/application.css?body=1" for 127.0.0.1 at 2014-11-04 16:52:27 -0800


Started GET "/assets/bootstrap.min.css?body=1" for 127.0.0.1 at 2014-11-04 16:52:27 -0800


Started GET "/assets/jquery_ujs.js?body=1" for 127.0.0.1 at 2014-11-04 16:52:27 -0800


Started GET "/assets/bootstrap.min.js?body=1" for 127.0.0.1 at 2014-11-04 16:52:27 -0800


Started GET "/assets/recipes.js?body=1" for 127.0.0.1 at 2014-11-04 16:52:27 -0800


Started GET "/assets/application.js?body=1" for 127.0.0.1 at 2014-11-04 16:52:27 -0800
